Arguments: 
  /opt/homebrew/Cellar/node/20.3.1/bin/node /opt/homebrew/Cellar/yarn/1.22.17_2/libexec/bin/yarn.js install

PATH: 
  /Users/yoon/.rbenv/shims:/Users/yoon/.rbenv/bin:/Users/yoon/Library/pnpm:/Applications/MAMP/bin/php/php7.4.33/bin:/Applications/MAMP/Library/bin:/Applications/Sublime Text.app/Contents/SharedSupport/bin:/opt/homebrew/bin:/opt/homebrew/sbin:/usr/local/bin:/System/Cryptexes/App/usr/bin:/usr/bin:/bin:/usr/sbin:/sbin:/Library/Apple/usr/bin:/Users/yoon/Library/Android/sdk/emulator:/Users/yoon/Library/Android/sdk/platform-tools:/Users/yoon/flutter/bin

Yarn version: 
  1.22.17

Node version: 
  20.3.1

Platform: 
  darwin arm64

Trace: 
  Error: https://registry.yarnpkg.com/@dry%2fconfigs-eslint-ts-react: Not found
      at params.callback [as _callback] (/opt/homebrew/Cellar/yarn/1.22.17_2/libexec/lib/cli.js:67029:18)
      at self.callback (/opt/homebrew/Cellar/yarn/1.22.17_2/libexec/lib/cli.js:140883:22)
      at Request.emit (node:events:511:28)
      at Request.<anonymous> (/opt/homebrew/Cellar/yarn/1.22.17_2/libexec/lib/cli.js:141855:10)
      at Request.emit (node:events:511:28)
      at IncomingMessage.<anonymous> (/opt/homebrew/Cellar/yarn/1.22.17_2/libexec/lib/cli.js:141777:12)
      at Object.onceWrapper (node:events:625:28)
      at IncomingMessage.emit (node:events:523:35)
      at endReadableNT (node:internal/streams/readable:1367:12)
      at process.processTicksAndRejections (node:internal/process/task_queues:82:21)

npm manifest: 
  {
    "name": "@woodry/cart",
    "version": "0.3.5",
    "type": "module",
    "sideEffects": false,
    "publishConfig": {
      "access": "public"
    },
    "main": "dist/index.js",
    "module": "dist/cart.es.js",
    "typings": "dist/index.d.ts",
    "files": [
      "dist",
      "src"
    ],
    "scripts": {
      "dev": "vite",
      "build": "tsc && vite build",
      "preview": "vite preview",
      "storybook": "storybook dev -p 6006",
      "build-storybook": "storybook build",
      "clean": "rimraf ./node_modules",
      "prepare": "pnpm build"
    },
    "peerDependencies": {
      "react": "^18.2.0",
      "react-dom": "^18.2.0"
    },
    "devDependencies": {
      "@dry/configs-eslint-ts-react": "workspace:^",
      "@dry/configs-ts-react": "workspace:^",
      "@storybook/addon-essentials": "^7.4.0",
      "@storybook/addon-interactions": "^7.4.0",
      "@storybook/addon-links": "^7.4.0",
      "@storybook/addon-mdx-gfm": "^7.4.0",
      "@storybook/blocks": "^7.4.0",
      "@storybook/react": "^7.4.0",
      "@storybook/react-vite": "^7.4.0",
      "@storybook/testing-library": "^0.2.0",
      "@types/react": "^18.0.28",
      "@types/react-dom": "^18.0.11",
      "@types/styled-components": "^5.1.26",
      "@vitejs/plugin-react": "^3.1.0",
      "@vitejs/plugin-react-swc": "^3.0.0",
      "concurrently": "^8.0.1",
      "prop-types": "^15.8.1",
      "react": "^18.2.0",
      "react-dom": "^18.2.0",
      "rollup-plugin-peer-deps-external": "^2.2.4",
      "storybook": "^7.4.0",
      "styled-components": "^5.3.9",
      "typescript": "4.9.4",
      "vite": "4.4.9",
      "vite-plugin-dts": "^2.2.0",
      "vite-tsconfig-paths": "^4.2.0"
    },
    "dependencies": {
      "@fortawesome/fontawesome-svg-core": "^6.4.0",
      "@fortawesome/free-regular-svg-icons": "^6.4.0",
      "@fortawesome/free-solid-svg-icons": "^6.4.0",
      "@fortawesome/react-fontawesome": "^0.2.0",
      "framer-motion": "^10.12.2"
    }
  }

yarn manifest: 
  No manifest

Lockfile: 
  No lockfile
